<?xml version="1.0" encoding="UTF-8"?>
<testng-results ignored="0" total="1" passed="0" failed="1" skipped="0">
  <reporter-output>
  </reporter-output>
  <suite started-at="2022-11-17T20:59:17 WAT" name="Default suite" finished-at="2022-11-17T20:59:42 WAT" duration-ms="25073">
    <groups>
    </groups>
    <test started-at="2022-11-17T20:59:17 WAT" name="Default test" finished-at="2022-11-17T20:59:42 WAT" duration-ms="25073">
      <class name="tests.fbtests">
        <test-method is-config="true" signature="setUp()[pri:0, instance:tests.fbtests@32ee6fee]" started-at="2022-11-17T20:59:01 WAT" name="setUp" finished-at="2022-11-17T20:59:17 WAT" duration-ms="16128" status="PASS">
          <reporter-output>
          </reporter-output>
        </test-method> <!-- setUp -->
        <test-method is-config="true" signature="setUp()[pri:0, instance:tests.fbtests@32ee6fee]" started-at="2022-11-17T20:59:17 WAT" name="setUp" finished-at="2022-11-17T20:59:17 WAT" duration-ms="1" status="PASS">
          <reporter-output>
          </reporter-output>
        </test-method> <!-- setUp -->
        <test-method signature="loginTest(java.lang.String,java.lang.String)[pri:0, instance:tests.fbtests@32ee6fee]" started-at="2022-11-17T20:59:17 WAT" name="loginTest" data-provider="facebook" finished-at="2022-11-17T20:59:42 WAT" duration-ms="25045" status="FAIL">
          <params>
            <param index="0">
              <value>
                <![CDATA[username]]>
              </value>
            </param>
            <param index="1">
              <value>
                <![CDATA[passwd]]>
              </value>
            </param>
          </params>
          <exception class="org.openqa.selenium.ElementNotInteractableException">
            <message>
              <![CDATA[element not interactable
  (Session info: chrome=107.0.5304.110)
Build info: version: '3.141.59', revision: 'e82be7d358', time: '2018-11-14T08:17:03'
System info: host: 'Mubaraks-MacBook-Pro-2.local', ip: 'fe80:0:0:0:ce4:3bf2:6bbd:bb41%en0', os.name: 'Mac OS X', os.arch: 'x86_64', os.version: '12.5.1', java.version: '11.0.15.1'
Driver info: org.openqa.selenium.chrome.ChromeDriver
Capabilities {acceptInsecureCerts: false, browserName: chrome, browserVersion: 107.0.5304.110, chrome: {chromedriverVersion: 107.0.5304.62 (1eec40d3a576..., userDataDir: /var/folders/t6/mvj7c2352xx...}, goog:chromeOptions: {debuggerAddress: localhost:61540}, javascriptEnabled: true, networkConnectionEnabled: false, pageLoadStrategy: normal, platform: MAC, platformName: MAC, proxy: Proxy(), setWindowRect: true, strictFileInteractability: false, timeouts: {implicit: 0, pageLoad: 300000, script: 30000}, unhandledPromptBehavior: dismiss and notify, webauthn:extension:credBlob: true, webauthn:extension:largeBlob: true, webauthn:virtualAuthenticators: true}
Session ID: 3f8ee504b670087147756b70a299f2b3]]>
            </message>
            <full-stacktrace>
              <![CDATA[org.openqa.selenium.ElementNotInteractableException: element not interactable
  (Session info: chrome=107.0.5304.110)
Build info: version: '3.141.59', revision: 'e82be7d358', time: '2018-11-14T08:17:03'
System info: host: 'Mubaraks-MacBook-Pro-2.local', ip: 'fe80:0:0:0:ce4:3bf2:6bbd:bb41%en0', os.name: 'Mac OS X', os.arch: 'x86_64', os.version: '12.5.1', java.version: '11.0.15.1'
Driver info: org.openqa.selenium.chrome.ChromeDriver
Capabilities {acceptInsecureCerts: false, browserName: chrome, browserVersion: 107.0.5304.110, chrome: {chromedriverVersion: 107.0.5304.62 (1eec40d3a576..., userDataDir: /var/folders/t6/mvj7c2352xx...}, goog:chromeOptions: {debuggerAddress: localhost:61540}, javascriptEnabled: true, networkConnectionEnabled: false, pageLoadStrategy: normal, platform: MAC, platformName: MAC, proxy: Proxy(), setWindowRect: true, strictFileInteractability: false, timeouts: {implicit: 0, pageLoad: 300000, script: 30000}, unhandledPromptBehavior: dismiss and notify, webauthn:extension:credBlob: true, webauthn:extension:largeBlob: true, webauthn:virtualAuthenticators: true}
Session ID: 3f8ee504b670087147756b70a299f2b3
at java.base/jdk.internal.reflect.NativeConstructorAccessorImpl.newInstance0(Native Method)
at java.base/jdk.internal.reflect.NativeConstructorAccessorImpl.newInstance(NativeConstructorAccessorImpl.java:62)
at java.base/jdk.internal.reflect.DelegatingConstructorAccessorImpl.newInstance(DelegatingConstructorAccessorImpl.java:45)
at java.base/java.lang.reflect.Constructor.newInstance(Constructor.java:490)
at org.openqa.selenium.remote.http.W3CHttpResponseCodec.createException(W3CHttpResponseCodec.java:187)
at org.openqa.selenium.remote.http.W3CHttpResponseCodec.decode(W3CHttpResponseCodec.java:122)
at org.openqa.selenium.remote.http.W3CHttpResponseCodec.decode(W3CHttpResponseCodec.java:49)
at org.openqa.selenium.remote.HttpCommandExecutor.execute(HttpCommandExecutor.java:158)
at org.openqa.selenium.remote.service.DriverCommandExecutor.execute(DriverCommandExecutor.java:83)
at org.openqa.selenium.remote.RemoteWebDriver.execute(RemoteWebDriver.java:552)
at org.openqa.selenium.remote.RemoteWebElement.execute(RemoteWebElement.java:285)
at org.openqa.selenium.remote.RemoteWebElement.sendKeys(RemoteWebElement.java:106)
at pages.fb_login.createPostContent(fb_login.java:51)
at tests.fbtests.loginTest(fbtests.java:20)
at java.base/jdk.internal.reflect.NativeMethodAccessorImpl.invoke0(Native Method)
at java.base/jdk.internal.reflect.NativeMethodAccessorImpl.invoke(NativeMethodAccessorImpl.java:62)
at java.base/jdk.internal.reflect.DelegatingMethodAccessorImpl.invoke(DelegatingMethodAccessorImpl.java:43)
at java.base/java.lang.reflect.Method.invoke(Method.java:566)
at org.testng.internal.MethodInvocationHelper.invokeMethod(MethodInvocationHelper.java:133)
at org.testng.internal.TestInvoker.invokeMethod(TestInvoker.java:598)
at org.testng.internal.TestInvoker.invokeTestMethod(TestInvoker.java:173)
at org.testng.internal.MethodRunner.runInSequence(MethodRunner.java:46)
at org.testng.internal.TestInvoker$MethodInvocationAgent.invoke(TestInvoker.java:824)
at org.testng.internal.TestInvoker.invokeTestMethods(TestInvoker.java:146)
at org.testng.internal.TestMethodWorker.invokeTestMethods(TestMethodWorker.java:146)
at org.testng.internal.TestMethodWorker.run(TestMethodWorker.java:128)
at java.base/java.util.ArrayList.forEach(ArrayList.java:1541)
at org.testng.TestRunner.privateRun(TestRunner.java:794)
at org.testng.TestRunner.run(TestRunner.java:596)
at org.testng.SuiteRunner.runTest(SuiteRunner.java:377)
at org.testng.SuiteRunner.runSequentially(SuiteRunner.java:371)
at org.testng.SuiteRunner.privateRun(SuiteRunner.java:332)
at org.testng.SuiteRunner.run(SuiteRunner.java:276)
at org.testng.SuiteRunnerWorker.runSuite(SuiteRunnerWorker.java:53)
at org.testng.SuiteRunnerWorker.run(SuiteRunnerWorker.java:96)
at org.testng.TestNG.runSuitesSequentially(TestNG.java:1212)
at org.testng.TestNG.runSuitesLocally(TestNG.java:1134)
at org.testng.TestNG.runSuites(TestNG.java:1063)
at org.testng.TestNG.run(TestNG.java:1031)
at org.testng.remote.AbstractRemoteTestNG.run(AbstractRemoteTestNG.java:115)
at org.testng.remote.RemoteTestNG.initAndRun(RemoteTestNG.java:251)
at org.testng.remote.RemoteTestNG.main(RemoteTestNG.java:77)
]]>
            </full-stacktrace>
          </exception> <!-- org.openqa.selenium.ElementNotInteractableException -->
          <reporter-output>
          </reporter-output>
        </test-method> <!-- loginTest -->
      </class> <!-- tests.fbtests -->
    </test> <!-- Default test -->
  </suite> <!-- Default suite -->
</testng-results>
