<?xml version="1.0" encoding="UTF-8"?>
<testng-results ignored="0" total="1" passed="1" failed="0" skipped="0">
  <reporter-output>
  </reporter-output>
  <suite started-at="2022-11-18T12:16:43 WAT" name="Default suite" finished-at="2022-11-18T12:16:48 WAT" duration-ms="4666">
    <groups>
    </groups>
    <test started-at="2022-11-18T12:16:43 WAT" name="Default test" finished-at="2022-11-18T12:16:48 WAT" duration-ms="4666">
      <class name="tests.Wallet_LoginTest">
        <test-method is-config="true" signature="setUp()[pri:0, instance:tests.Wallet_LoginTest@32ee6fee]" started-at="2022-11-18T12:16:30 WAT" name="setUp" finished-at="2022-11-18T12:16:43 WAT" duration-ms="13190" status="PASS">
          <reporter-output>
          </reporter-output>
        </test-method> <!-- setUp -->
        <test-method is-config="true" signature="setUp()[pri:0, instance:tests.Wallet_LoginTest@32ee6fee]" started-at="2022-11-18T12:16:43 WAT" name="setUp" finished-at="2022-11-18T12:16:43 WAT" duration-ms="0" status="PASS">
          <reporter-output>
          </reporter-output>
        </test-method> <!-- setUp -->
        <test-method signature="loginTest(java.lang.String,java.lang.String)[pri:0, instance:tests.Wallet_LoginTest@32ee6fee]" started-at="2022-11-18T12:16:43 WAT" name="loginTest" data-provider="WalletHubData" finished-at="2022-11-18T12:16:48 WAT" duration-ms="4628" status="PASS">
          <params>
            <param index="0">
              <value>
                <![CDATA[walletUsername]]>
              </value>
            </param>
            <param index="1">
              <value>
                <![CDATA[walletPassword]]>
              </value>
            </param>
          </params>
          <reporter-output>
          </reporter-output>
        </test-method> <!-- loginTest -->
      </class> <!-- tests.Wallet_LoginTest -->
    </test> <!-- Default test -->
  </suite> <!-- Default suite -->
</testng-results>
